<?xml version="1.0" encoding="UTF-8"?>
<testsuite xmlns:xsi="http://www.w3.org/2001/XMLSchema-instance" xsi:noNamespaceSchemaLocation="https://maven.apache.org/surefire/maven-surefire-plugin/xsd/surefire-test-report-3.0.xsd" version="3.0" name="innerjoinsquad.modelo.OnlineStoreTest" time="0.509" tests="2" errors="1" skipped="0" failures="0">
  <properties>
[...]
</properties>
  <testcase name="testCalcularTotalClientePremium" classname="innerjoinsquad.modelo.OnlineStoreTest" time="0.445">
    <system-out><![CDATA[Cliente insertado correctamente con transacción.
]]></system-out>
  </testcase>
  <testcase name="testEliminarPedidoYaEnviado" classname="innerjoinsquad.modelo.OnlineStoreTest" time="0.042">
    <error message="Error al añadir artículo en la base de datos." type="java.lang.RuntimeException"><![CDATA[java.lang.RuntimeException: Error al añadir artículo en la base de datos.
	at innerjoinsquad.modelo.Datos.anadirArticulo(Datos.java:40)
	at innerjoinsquad.modelo.OnlineStoreTest.setUp(OnlineStoreTest.java:26)
	at java.base/java.lang.reflect.Method.invoke(Method.java:568)
	at java.base/java.util.ArrayList.forEach(ArrayList.java:1511)
	at java.base/java.util.ArrayList.forEach(ArrayList.java:1511)
Caused by: java.sql.SQLIntegrityConstraintViolationException: Duplicate entry 'A1' for key 'articulos.PRIMARY'
	at com.mysql.cj.jdbc.exceptions.SQLError.createSQLException(SQLError.java:109)
	at com.mysql.cj.jdbc.exceptions.SQLExceptionsMapping.translateException(SQLExceptionsMapping.java:114)
	at com.mysql.cj.jdbc.ClientPreparedStatement.executeInternal(ClientPreparedStatement.java:988)
	at com.mysql.cj.jdbc.ClientPreparedStatement.executeUpdateInternal(ClientPreparedStatement.java:1166)
	at com.mysql.cj.jdbc.ClientPreparedStatement.executeUpdateInternal(ClientPreparedStatement.java:1101)
	at com.mysql.cj.jdbc.ClientPreparedStatement.executeLargeUpdate(ClientPreparedStatement.java:1448)
	at com.mysql.cj.jdbc.ClientPreparedStatement.executeUpdate(ClientPreparedStatement.java:1084)
	at innerjoinsquad.modelo.dao.mysql.ArticuloDAOMySQL.insertarArticulo(ArticuloDAOMySQL.java:29)
	at innerjoinsquad.modelo.Datos.anadirArticulo(Datos.java:38)
	... 4 more
]]></error>
  </testcase>
</testsuite>